  ÔÇó electron-builder  version=24.13.3 os=10.0.26100
  ÔÇó loaded configuration  file=package.json ("build" field)
  ÔÇó packaging       platform=win32 arch=x64 electron=28.3.3 appOutDir=dist\win-unpacked
  ÔÇó asar usage is disabled ÔÇö this is strongly not recommended  solution=enable asar and use asarUnpack to unpack files that must be externally available
  ÔÇó asar usage is disabled ÔÇö this is strongly not recommended  solution=enable asar and use asarUnpack to unpack files that must be externally available
  ÔÇó downloading     url=https://github.com/electron-userland/electron-builder-binaries/releases/download/winCodeSign-2.6.0/winCodeSign-2.6.0.7z size=5.6 MB parts=1
  ÔÇó downloaded      url=https://github.com/electron-userland/electron-builder-binaries/releases/download/winCodeSign-2.6.0/winCodeSign-2.6.0.7z duration=715ms
  ÔĘ» cannot execute  cause=exit status 2
                    out=
    7-Zip (a) 21.07 (x64) : Copyright (c) 1999-2021 Igor Pavlov : 2021-12-26
    
    Scanning the drive for archives:
    1 file, 5635384 bytes (5504 KiB)
    
    Extracting archive: C:\Users\seido\AppData\Local\electron-builder\Cache\winCodeSign\313975095.7z
    --
    Path = C:\Users\seido\AppData\Local\electron-builder\Cache\winCodeSign\313975095.7z
    Type = 7z
    Physical Size = 5635384
    Headers Size = 1492
    Method = LZMA2:24m LZMA:20 BCJ2
    Solid = +
    Blocks = 2
    
    
    Sub items Errors: 2
    
    Archives with Errors: 1
    
    Sub items Errors: 2
    
                    errorOut=ERROR: Cannot create symbolic link : Klient není držitelem požadovaného oprávnění. : C:\Users\seido\AppData\Local\electron-builder\Cache\winCodeSign\313975095\darwin\10.12\lib\libcrypto.dylib
    ERROR: Cannot create symbolic link : Klient není držitelem požadovaného oprávnění. : C:\Users\seido\AppData\Local\electron-builder\Cache\winCodeSign\313975095\darwin\10.12\lib\libssl.dylib
    
                    command='C:\Users\seido\Data\trading-chart-desktop\node_modules\7zip-bin\win\x64\7za.exe' x -bd 'C:\Users\seido\AppData\Local\electron-builder\Cache\winCodeSign\313975095.7z' '-oC:\Users\seido\AppData\Local\electron-builder\Cache\winCodeSign\313975095'
                    workingDir=C:\Users\seido\AppData\Local\electron-builder\Cache\winCodeSign
  ÔÇó Above command failed, retrying 3 more times
  ÔÇó downloading     url=https://github.com/electron-userland/electron-builder-binaries/releases/download/winCodeSign-2.6.0/winCodeSign-2.6.0.7z size=5.6 MB parts=1
  ÔÇó downloaded      url=https://github.com/electron-userland/electron-builder-binaries/releases/download/winCodeSign-2.6.0/winCodeSign-2.6.0.7z duration=705ms
  ÔĘ» cannot execute  cause=exit status 2
                    out=
    7-Zip (a) 21.07 (x64) : Copyright (c) 1999-2021 Igor Pavlov : 2021-12-26
    
    Scanning the drive for archives:
    1 file, 5635384 bytes (5504 KiB)
    
    Extracting archive: C:\Users\seido\AppData\Local\electron-builder\Cache\winCodeSign\139011859.7z
    --
    Path = C:\Users\seido\AppData\Local\electron-builder\Cache\winCodeSign\139011859.7z
    Type = 7z
    Physical Size = 5635384
    Headers Size = 1492
    Method = LZMA2:24m LZMA:20 BCJ2
    Solid = +
    Blocks = 2
    
    
    Sub items Errors: 2
    
    Archives with Errors: 1
    
    Sub items Errors: 2
    
                    errorOut=ERROR: Cannot create symbolic link : Klient není držitelem požadovaného oprávnění. : C:\Users\seido\AppData\Local\electron-builder\Cache\winCodeSign\139011859\darwin\10.12\lib\libcrypto.dylib
    ERROR: Cannot create symbolic link : Klient není držitelem požadovaného oprávnění. : C:\Users\seido\AppData\Local\electron-builder\Cache\winCodeSign\139011859\darwin\10.12\lib\libssl.dylib
    
                    command='C:\Users\seido\Data\trading-chart-desktop\node_modules\7zip-bin\win\x64\7za.exe' x -bd 'C:\Users\seido\AppData\Local\electron-builder\Cache\winCodeSign\139011859.7z' '-oC:\Users\seido\AppData\Local\electron-builder\Cache\winCodeSign\139011859'
                    workingDir=C:\Users\seido\AppData\Local\electron-builder\Cache\winCodeSign
  ÔÇó Above command failed, retrying 2 more times
  ÔÇó downloading     url=https://github.com/electron-userland/electron-builder-binaries/releases/download/winCodeSign-2.6.0/winCodeSign-2.6.0.7z size=5.6 MB parts=1
  ÔÇó downloaded      url=https://github.com/electron-userland/electron-builder-binaries/releases/download/winCodeSign-2.6.0/winCodeSign-2.6.0.7z duration=833ms
  ÔĘ» cannot execute  cause=exit status 2
                    out=
    7-Zip (a) 21.07 (x64) : Copyright (c) 1999-2021 Igor Pavlov : 2021-12-26
    
    Scanning the drive for archives:
    1 file, 5635384 bytes (5504 KiB)
    
    Extracting archive: C:\Users\seido\AppData\Local\electron-builder\Cache\winCodeSign\242211347.7z
    --
    Path = C:\Users\seido\AppData\Local\electron-builder\Cache\winCodeSign\242211347.7z
    Type = 7z
    Physical Size = 5635384
    Headers Size = 1492
    Method = LZMA2:24m LZMA:20 BCJ2
    Solid = +
    Blocks = 2
    
    
    Sub items Errors: 2
    
    Archives with Errors: 1
    
    Sub items Errors: 2
    
                    errorOut=ERROR: Cannot create symbolic link : Klient není držitelem požadovaného oprávnění. : C:\Users\seido\AppData\Local\electron-builder\Cache\winCodeSign\242211347\darwin\10.12\lib\libcrypto.dylib
    ERROR: Cannot create symbolic link : Klient není držitelem požadovaného oprávnění. : C:\Users\seido\AppData\Local\electron-builder\Cache\winCodeSign\242211347\darwin\10.12\lib\libssl.dylib
    
                    command='C:\Users\seido\Data\trading-chart-desktop\node_modules\7zip-bin\win\x64\7za.exe' x -bd 'C:\Users\seido\AppData\Local\electron-builder\Cache\winCodeSign\242211347.7z' '-oC:\Users\seido\AppData\Local\electron-builder\Cache\winCodeSign\242211347'
                    workingDir=C:\Users\seido\AppData\Local\electron-builder\Cache\winCodeSign
  ÔÇó Above command failed, retrying 1 more times
  ÔÇó downloading     url=https://github.com/electron-userland/electron-builder-binaries/releases/download/winCodeSign-2.6.0/winCodeSign-2.6.0.7z size=5.6 MB parts=1
  ÔÇó downloaded      url=https://github.com/electron-userland/electron-builder-binaries/releases/download/winCodeSign-2.6.0/winCodeSign-2.6.0.7z duration=749ms
  ÔĘ» cannot execute  cause=exit status 2
                    out=
    7-Zip (a) 21.07 (x64) : Copyright (c) 1999-2021 Igor Pavlov : 2021-12-26
    
    Scanning the drive for archives:
    1 file, 5635384 bytes (5504 KiB)
    
    Extracting archive: C:\Users\seido\AppData\Local\electron-builder\Cache\winCodeSign\613526067.7z
    --
    Path = C:\Users\seido\AppData\Local\electron-builder\Cache\winCodeSign\613526067.7z
    Type = 7z
    Physical Size = 5635384
    Headers Size = 1492
    Method = LZMA2:24m LZMA:20 BCJ2
    Solid = +
    Blocks = 2
    
    
    Sub items Errors: 2
    
    Archives with Errors: 1
    
    Sub items Errors: 2
    
                    errorOut=ERROR: Cannot create symbolic link : Klient není držitelem požadovaného oprávnění. : C:\Users\seido\AppData\Local\electron-builder\Cache\winCodeSign\613526067\darwin\10.12\lib\libcrypto.dylib
    ERROR: Cannot create symbolic link : Klient není držitelem požadovaného oprávnění. : C:\Users\seido\AppData\Local\electron-builder\Cache\winCodeSign\613526067\darwin\10.12\lib\libssl.dylib
    
                    command='C:\Users\seido\Data\trading-chart-desktop\node_modules\7zip-bin\win\x64\7za.exe' x -bd 'C:\Users\seido\AppData\Local\electron-builder\Cache\winCodeSign\613526067.7z' '-oC:\Users\seido\AppData\Local\electron-builder\Cache\winCodeSign\613526067'
                    workingDir=C:\Users\seido\AppData\Local\electron-builder\Cache\winCodeSign
  ÔÇó Above command failed, retrying 0 more times
